<?xml version="1.0" encoding="UTF-8" ?>
<testsuite tests="73" failures="0" name="TestSuite" time="0.044" errors="0" skipped="0">
  <properties>
    <property name="java.runtime.name" value="Java(TM) SE Runtime Environment"/>
    <property name="sun.boot.library.path" value="/Library/Java/JavaVirtualMachines/jdk1.8.0_25.jdk/Contents/Home/jre/lib"/>
    <property name="java.vm.version" value="25.25-b02"/>
    <property name="gopherProxySet" value="false"/>
    <property name="java.vm.vendor" value="Oracle Corporation"/>
    <property name="maven.multiModuleProjectDirectory" value="/Users/zawadzkip/se-3800-calculator"/>
    <property name="java.vendor.url" value="http://java.oracle.com/"/>
    <property name="path.separator" value=":"/>
    <property name="guice.disable.misplaced.annotation.check" value="true"/>
    <property name="java.vm.name" value="Java HotSpot(TM) 64-Bit Server VM"/>
    <property name="file.encoding.pkg" value="sun.io"/>
    <property name="user.country" value="US"/>
    <property name="sun.java.launcher" value="SUN_STANDARD"/>
    <property name="sun.os.patch.level" value="unknown"/>
    <property name="java.vm.specification.name" value="Java Virtual Machine Specification"/>
    <property name="user.dir" value="/Users/zawadzkip/se-3800-calculator"/>
    <property name="java.runtime.version" value="1.8.0_25-b17"/>
    <property name="java.awt.graphicsenv" value="sun.awt.CGraphicsEnvironment"/>
    <property name="java.endorsed.dirs" value="/Library/Java/JavaVirtualMachines/jdk1.8.0_25.jdk/Contents/Home/jre/lib/endorsed"/>
    <property name="os.arch" value="x86_64"/>
    <property name="java.io.tmpdir" value="/var/folders/9x/14vkcqsd0mv5xj4jtc0fmdp40000gn/T/"/>
    <property name="line.separator" value="
"/>
    <property name="java.vm.specification.vendor" value="Oracle Corporation"/>
    <property name="os.name" value="Mac OS X"/>
    <property name="classworlds.conf" value="/usr/local/Cellar/maven/3.3.9/libexec/bin/m2.conf"/>
    <property name="sun.jnu.encoding" value="UTF-8"/>
    <property name="java.library.path" value="/Users/zawadzkip/Library/Java/Extensions:/Library/Java/Extensions:/Network/Library/Java/Extensions:/System/Library/Java/Extensions:/usr/lib/java:."/>
    <property name="java.specification.name" value="Java Platform API Specification"/>
    <property name="java.class.version" value="52.0"/>
    <property name="sun.management.compiler" value="HotSpot 64-Bit Tiered Compilers"/>
    <property name="os.version" value="10.11.2"/>
    <property name="http.nonProxyHosts" value="local|*.local|169.254/16|*.169.254/16"/>
    <property name="user.home" value="/Users/zawadzkip"/>
    <property name="user.timezone" value="America/Chicago"/>
    <property name="java.awt.printerjob" value="sun.lwawt.macosx.CPrinterJob"/>
    <property name="java.specification.version" value="1.8"/>
    <property name="file.encoding" value="UTF-8"/>
    <property name="user.name" value="zawadzkip"/>
    <property name="java.class.path" value="/usr/local/Cellar/maven/3.3.9/libexec/boot/plexus-classworlds-2.5.2.jar"/>
    <property name="java.vm.specification.version" value="1.8"/>
    <property name="sun.arch.data.model" value="64"/>
    <property name="java.home" value="/Library/Java/JavaVirtualMachines/jdk1.8.0_25.jdk/Contents/Home/jre"/>
    <property name="sun.java.command" value="org.codehaus.plexus.classworlds.launcher.Launcher test"/>
    <property name="java.specification.vendor" value="Oracle Corporation"/>
    <property name="user.language" value="en"/>
    <property name="awt.toolkit" value="sun.lwawt.macosx.LWCToolkit"/>
    <property name="java.vm.info" value="mixed mode"/>
    <property name="java.version" value="1.8.0_25"/>
    <property name="java.ext.dirs" value="/Users/zawadzkip/Library/Java/Extensions:/Library/Java/JavaVirtualMachines/jdk1.8.0_25.jdk/Contents/Home/jre/lib/ext:/Library/Java/Extensions:/Network/Library/Java/Extensions:/System/Library/Java/Extensions:/usr/lib/java"/>
    <property name="sun.boot.class.path" value="/Library/Java/JavaVirtualMachines/jdk1.8.0_25.jdk/Contents/Home/jre/lib/resources.jar:/Library/Java/JavaVirtualMachines/jdk1.8.0_25.jdk/Contents/Home/jre/lib/rt.jar:/Library/Java/JavaVirtualMachines/jdk1.8.0_25.jdk/Contents/Home/jre/lib/sunrsasign.jar:/Library/Java/JavaVirtualMachines/jdk1.8.0_25.jdk/Contents/Home/jre/lib/jsse.jar:/Library/Java/JavaVirtualMachines/jdk1.8.0_25.jdk/Contents/Home/jre/lib/jce.jar:/Library/Java/JavaVirtualMachines/jdk1.8.0_25.jdk/Contents/Home/jre/lib/charsets.jar:/Library/Java/JavaVirtualMachines/jdk1.8.0_25.jdk/Contents/Home/jre/lib/jfr.jar:/Library/Java/JavaVirtualMachines/jdk1.8.0_25.jdk/Contents/Home/jre/classes"/>
    <property name="java.vendor" value="Oracle Corporation"/>
    <property name="maven.home" value="/usr/local/Cellar/maven/3.3.9/libexec"/>
    <property name="file.separator" value="/"/>
    <property name="java.vendor.url.bug" value="http://bugreport.sun.com/bugreport/"/>
    <property name="sun.cpu.endian" value="little"/>
    <property name="sun.io.unicode.encoding" value="UnicodeBig"/>
    <property name="socksNonProxyHosts" value="local|*.local|169.254/16|*.169.254/16"/>
    <property name="ftp.nonProxyHosts" value="local|*.local|169.254/16|*.169.254/16"/>
    <property name="sun.cpu.isalist" value=""/>
  </properties>
  <testcase classname="calculator.CalculatorTest" name="testStandardOperations" time="0.006"/>
  <testcase classname="calculator.CalculatorTest" name="testStandardOperations" time="0"/>
  <testcase classname="calculator.CalculatorTest" name="testStandardOperations" time="0.001"/>
  <testcase classname="calculator.CalculatorTest" name="testStandardOperations" time="0.001"/>
  <testcase classname="calculator.CalculatorTest" name="testStandardOperations" time="0.001"/>
  <testcase classname="calculator.CalculatorTest" name="testStandardOperations" time="0.001"/>
  <testcase classname="calculator.CalculatorTest" name="testStandardOperations" time="0.001"/>
  <testcase classname="calculator.CalculatorTest" name="testStandardOperations" time="0"/>
  <testcase classname="calculator.MenuTest" name="testInput" time="0.013"/>
  <testcase classname="computation.ComputationTest" name="testComputationString" time="0"/>
  <testcase classname="computation.ComputationTest" name="testConstructor" time="0"/>
  <testcase classname="computation.ComputationTest" name="testConstructor" time="0.001"/>
  <testcase classname="computation.ComputationTest" name="testConstructor" time="0"/>
  <testcase classname="computation.ComputationTest" name="testConstructor" time="0"/>
  <testcase classname="computation.ComputationTest" name="testConstructor" time="0"/>
  <testcase classname="computation.ComputationTest" name="testGetName" time="0"/>
  <testcase classname="computation.ComputationTest" name="testGetNumberList" time="0"/>
  <testcase classname="computation.ComputationTest" name="testGetResult" time="0"/>
  <testcase classname="logger.LoggerTest" name="testClearLogHistory" time="0.001"/>
  <testcase classname="logger.LoggerTest" name="testGetComputation" time="0"/>
  <testcase classname="logger.LoggerTest" name="testGetComputation" time="0"/>
  <testcase classname="logger.LoggerTest" name="testGetComputation" time="0"/>
  <testcase classname="logger.LoggerTest" name="testGetComputation" time="0"/>
  <testcase classname="logger.LoggerTest" name="testGetComputation" time="0"/>
  <testcase classname="logger.LoggerTest" name="testGetComputation" time="0"/>
  <testcase classname="logger.LoggerTest" name="testGetComputation" time="0"/>
  <testcase classname="logger.LoggerTest" name="testGetComputation" time="0"/>
  <testcase classname="logger.LoggerTest" name="testGetComputation" time="0.001"/>
  <testcase classname="logger.LoggerTest" name="testGetComputation" time="0"/>
  <testcase classname="logger.LoggerTest" name="testGetInstance" time="0"/>
  <testcase classname="logger.LoggerTest" name="testLog" time="0"/>
  <testcase classname="logger.LoggerTest" name="testPrintMostRecentLog" time="0.001"/>
  <testcase classname="logger.LoggerTest" name="testPrintNLogs" time="0.001"/>
  <testcase classname="logger.LoggerTest" name="testPrintNLogs" time="0.001"/>
  <testcase classname="logger.LoggerTest" name="testPrintNLogs" time="0"/>
  <testcase classname="logger.LoggerTest" name="testPrintNLogs" time="0"/>
  <testcase classname="logger.LoggerTest" name="testPrintNLogs" time="0.001"/>
  <testcase classname="logger.LoggerTest" name="testPrintNLogs" time="0"/>
  <testcase classname="logger.LoggerTest" name="testPrintNLogs" time="0.001"/>
  <testcase classname="logger.LoggerTest" name="testPrintNLogs" time="0"/>
  <testcase classname="operation.AddOperationTest" name="testAddBoth" time="0"/>
  <testcase classname="operation.AddOperationTest" name="testAddNegatives" time="0"/>
  <testcase classname="operation.AddOperationTest" name="testAddPositives" time="0"/>
  <testcase classname="operation.AddOperationTest" name="testEmptyNumberList" time="0"/>
  <testcase classname="operation.AddOperationTest" name="testNullList" time="0"/>
  <testcase classname="operation.AddOperationTest" name="testValueSize" time="0"/>
  <testcase classname="operation.DivOperationTest" name="testDivideBoth" time="0"/>
  <testcase classname="operation.DivOperationTest" name="testDivideNegatives" time="0.001"/>
  <testcase classname="operation.DivOperationTest" name="testDividePositives" time="0"/>
  <testcase classname="operation.DivOperationTest" name="testEmptyList" time="0"/>
  <testcase classname="operation.DivOperationTest" name="testValueSize" time="0.001"/>
  <testcase classname="operation.MultOperationTest" name="testEmptyList" time="0"/>
  <testcase classname="operation.MultOperationTest" name="testMultiplyBoth" time="0.001"/>
  <testcase classname="operation.MultOperationTest" name="testMultiplyNegative" time="0"/>
  <testcase classname="operation.MultOperationTest" name="testMultiplyPositive" time="0.001"/>
  <testcase classname="operation.MultOperationTest" name="testValueSize" time="0"/>
  <testcase classname="operation.SqrOperationTest" name="testEmptyList" time="0.001"/>
  <testcase classname="operation.SqrOperationTest" name="testMoreThanOneElementList" time="0"/>
  <testcase classname="operation.SqrOperationTest" name="testNegativeNumbers" time="0"/>
  <testcase classname="operation.SqrOperationTest" name="testPositiveNumbers" time="0"/>
  <testcase classname="operation.SqrOperationTest" name="testValueSize" time="0"/>
  <testcase classname="operation.SubOperationTest" name="testBoth" time="0"/>
  <testcase classname="operation.SubOperationTest" name="testEmptyList" time="0"/>
  <testcase classname="operation.SubOperationTest" name="testNegativeNumbers" time="0"/>
  <testcase classname="operation.SubOperationTest" name="testPositiveNumbers" time="0.001"/>
  <testcase classname="operation.SubOperationTest" name="testValueSize" time="0"/>
  <testcase classname="calculator.CalculatorTest" name="testBadCommand" time="0.001"/>
  <testcase classname="calculator.CalculatorTest" name="testExit" time="0"/>
  <testcase classname="calculator.CalculatorTest" name="testInvalidIntegerSubtitution" time="0.001"/>
  <testcase classname="calculator.CalculatorTest" name="testLargeIntegerSubstitution" time="0.001"/>
  <testcase classname="calculator.CalculatorTest" name="testNonInteger" time="0.001"/>
  <testcase classname="calculator.CalculatorTest" name="testNonIntegerSubstitution" time="0.001"/>
  <testcase classname="calculator.CalculatorTest" name="testSubstitutionOperations" time="0.001"/>
</testsuite>