<?xml version="1.0" encoding="UTF-8"?>
<!-- Generated by org.testng.reporters.JUnitReportReporter -->
<testsuite hostname="Pat-Z-MBP.local" name="calculator.MenuTest" tests="1" failures="0" timestamp="11 Jan 2016 23:42:43 GMT" time="0.013" errors="0">
  <testcase name="testInput" time="0.013" classname="calculator.MenuTest"/>
</testsuite>
