<?xml version="1.0" encoding="UTF-8"?>
<!-- Generated by org.testng.reporters.JUnitReportReporter -->
<testsuite hostname="Pat-Z-MBP.local" name="logger.LoggerTest" tests="22" failures="0" timestamp="11 Jan 2016 23:42:43 GMT" time="0.006" errors="0">
  <testcase name="testClearLogHistory" time="0.000" classname="logger.LoggerTest"/>
  <testcase name="testLog" time="0.000" classname="logger.LoggerTest"/>
  <testcase name="testGetComputation" time="0.000" classname="logger.LoggerTest"/>
  <testcase name="testPrintNLogs" time="0.000" classname="logger.LoggerTest"/>
  <testcase name="testGetComputation" time="0.000" classname="logger.LoggerTest"/>
  <testcase name="testPrintNLogs" time="0.001" classname="logger.LoggerTest"/>
  <testcase name="testPrintNLogs" time="0.000" classname="logger.LoggerTest"/>
  <testcase name="testGetComputation" time="0.000" classname="logger.LoggerTest"/>
  <testcase name="testPrintNLogs" time="0.001" classname="logger.LoggerTest"/>
  <testcase name="testGetComputation" time="0.000" classname="logger.LoggerTest"/>
  <testcase name="testPrintNLogs" time="0.000" classname="logger.LoggerTest"/>
  <testcase name="testPrintNLogs" time="0.001" classname="logger.LoggerTest"/>
  <testcase name="testGetComputation" time="0.001" classname="logger.LoggerTest"/>
  <testcase name="testPrintNLogs" time="0.000" classname="logger.LoggerTest"/>
  <testcase name="testGetComputation" time="0.000" classname="logger.LoggerTest"/>
  <testcase name="testGetComputation" time="0.000" classname="logger.LoggerTest"/>
  <testcase name="testGetComputation" time="0.000" classname="logger.LoggerTest"/>
  <testcase name="testGetComputation" time="0.000" classname="logger.LoggerTest"/>
  <testcase name="testPrintMostRecentLog" time="0.001" classname="logger.LoggerTest"/>
  <testcase name="testGetComputation" time="0.001" classname="logger.LoggerTest"/>
  <testcase name="testGetInstance" time="0.000" classname="logger.LoggerTest"/>
  <testcase name="testPrintNLogs" time="0.000" classname="logger.LoggerTest"/>
</testsuite>
