<?xml version="1.0" encoding="UTF-8"?>
<!-- Generated by org.testng.reporters.JUnitReportReporter -->
<testsuite hostname="Pat-Z-MBP.nebula.msoe.edu" name="MenuTest" tests="1" failures="0" timestamp="6 Jan 2016 21:25:35 GMT" time="0.014" errors="0">
  <testcase name="testInput" time="0.014" classname="MenuTest"/>
</testsuite>
