<?xml version="1.0" encoding="UTF-8"?>
<!-- Generated by org.testng.reporters.JUnitReportReporter -->
<testsuite hostname="Pat-Z-MBP.local" name="calculator.CalculatorTest" tests="15" failures="0" timestamp="11 Jan 2016 23:42:43 GMT" time="0.016" errors="0">
  <testcase name="testInvalidIntegerSubtitution" time="0.001" classname="calculator.CalculatorTest"/>
  <testcase name="testStandardOperations" time="0.001" classname="calculator.CalculatorTest"/>
  <testcase name="testStandardOperations" time="0.001" classname="calculator.CalculatorTest"/>
  <testcase name="testNonIntegerSubstitution" time="0.001" classname="calculator.CalculatorTest"/>
  <testcase name="testExit" time="0.000" classname="calculator.CalculatorTest"/>
  <testcase name="testLargeIntegerSubstitution" time="0.001" classname="calculator.CalculatorTest"/>
  <testcase name="testNonInteger" time="0.001" classname="calculator.CalculatorTest"/>
  <testcase name="testStandardOperations" time="0.005" classname="calculator.CalculatorTest"/>
  <testcase name="testStandardOperations" time="0.001" classname="calculator.CalculatorTest"/>
  <testcase name="testSubstitutionOperations" time="0.001" classname="calculator.CalculatorTest"/>
  <testcase name="testStandardOperations" time="0.000" classname="calculator.CalculatorTest"/>
  <testcase name="testBadCommand" time="0.001" classname="calculator.CalculatorTest"/>
  <testcase name="testStandardOperations" time="0.001" classname="calculator.CalculatorTest"/>
  <testcase name="testStandardOperations" time="0.001" classname="calculator.CalculatorTest"/>
  <testcase name="testStandardOperations" time="0.000" classname="calculator.CalculatorTest"/>
</testsuite>
