<?xml version="1.0" encoding="UTF-8"?>
<!-- Generated by org.testng.reporters.JUnitReportReporter -->
<testsuite hostname="Pat-Z-MBP.local" name="operation.SubOperationTest" tests="5" failures="0" timestamp="11 Jan 2016 23:42:43 GMT" time="0.000" errors="0">
  <testcase name="testBoth" time="0.000" classname="operation.SubOperationTest"/>
  <testcase name="testPositiveNumbers" time="0.000" classname="operation.SubOperationTest"/>
  <testcase name="testEmptyList" time="0.000" classname="operation.SubOperationTest"/>
  <testcase name="testNegativeNumbers" time="0.000" classname="operation.SubOperationTest"/>
  <testcase name="testValueSize" time="0.000" classname="operation.SubOperationTest"/>
</testsuite>
